f:\geimifinal\ae\debug\vc120.pdb
f:\geimifinal\ae\debug\vc120.idb
f:\geimifinal\ae\debug\tinyxml2.obj
f:\geimifinal\ae\debug\ae.obj
f:\geimifinal\ae\debug\ai_list.obj
f:\geimifinal\ae\debug\bullet.obj
f:\geimifinal\ae\debug\collision.obj
f:\geimifinal\ae\debug\deletion_list.obj
f:\geimifinal\ae\debug\duck.obj
f:\geimifinal\ae\debug\hunter.obj
f:\geimifinal\ae\debug\hunter_ai.obj
f:\geimifinal\ae\debug\level.obj
f:\geimifinal\ae\debug\log.obj
f:\geimifinal\ae\debug\render_list.obj
f:\geimifinal\ae\debug\world.obj
f:\geimifinal\ae\debug\shootable.obj
f:\geimifinal\ae\debug\ihealthable.obj
f:\geimifinal\ae\debug\ammobox.obj
f:\geimifinal\debug\ae.ilk
f:\geimifinal\debug\ae.exe
f:\geimifinal\debug\ae.pdb
f:\geimifinal\ae\debug\ae.res
f:\geimifinal\ae\debug\ae.tlog\cl.command.1.tlog
f:\geimifinal\ae\debug\ae.tlog\cl.read.1.tlog
f:\geimifinal\ae\debug\ae.tlog\cl.write.1.tlog
f:\geimifinal\ae\debug\ae.tlog\link.command.1.tlog
f:\geimifinal\ae\debug\ae.tlog\link.read.1.tlog
f:\geimifinal\ae\debug\ae.tlog\link.write.1.tlog
f:\geimifinal\ae\debug\ae.tlog\rc.command.1.tlog
f:\geimifinal\ae\debug\ae.tlog\rc.read.1.tlog
f:\geimifinal\ae\debug\ae.tlog\rc.write.1.tlog
